# JRE version: Java(TM) SE Runtime Environment (8.0_211-b12) (build 1.8.0_211-b12)
# Java VM: Java HotSpot(TM) 64-Bit Server VM (25.211-b12 mixed mode windows-amd64 compressed oops)
Heap:
 PSYoungGen      total 120320K, used 2470K [0x00000000f5580000, 0x00000000fd780000, 0x0000000100000000)
  eden space 107520K, 2% used [0x00000000f5580000,0x00000000f57e9b20,0x00000000fbe80000)
  from space 12800K, 0% used [0x00000000fbe80000,0x00000000fbe80000,0x00000000fcb00000)
  to   space 12288K, 0% used [0x00000000fcb80000,0x00000000fcb80000,0x00000000fd780000)
 ParOldGen       total 175104K, used 14346K [0x00000000e0000000, 0x00000000eab00000, 0x00000000f5580000)
  object space 175104K, 8% used [0x00000000e0000000,0x00000000e0e02a28,0x00000000eab00000)
 Metaspace       used 34144K, capacity 35400K, committed 35672K, reserved 1079296K
  class space    used 4815K, capacity 5129K, committed 5248K, reserved 1048576K
GC Heap History (10 events):
Event: 4.112 GC heap before
{Heap before GC invocations=5 (full 1):
 PSYoungGen      total 76288K, used 8245K [0x00000000f5580000, 0x00000000fea80000, 0x0000000100000000)
  eden space 65536K, 0% used [0x00000000f5580000,0x00000000f5580000,0x00000000f9580000)
  from space 10752K, 76% used [0x00000000fa000000,0x00000000fa80d5b0,0x00000000faa80000)
  to   space 10752K, 0% used [0x00000000f9580000,0x00000000f9580000,0x00000000fa000000)
 ParOldGen       total 175104K, used 707K [0x00000000e0000000, 0x00000000eab00000, 0x00000000f5580000)
  object space 175104K, 0% used [0x00000000e0000000,0x00000000e00b0ce8,0x00000000eab00000)
 Metaspace       used 20338K, capacity 21090K, committed 21248K, reserved 1067008K
  class space    used 2989K, capacity 3205K, committed 3328K, reserved 1048576K
Event: 4.139 GC heap after
Heap after GC invocations=5 (full 1):
 PSYoungGen      total 76288K, used 0K [0x00000000f5580000, 0x00000000fea80000, 0x0000000100000000)
  eden space 65536K, 0% used [0x00000000f5580000,0x00000000f5580000,0x00000000f9580000)
  from space 10752K, 0% used [0x00000000fa000000,0x00000000fa000000,0x00000000faa80000)
  to   space 10752K, 0% used [0x00000000f9580000,0x00000000f9580000,0x00000000fa000000)
 ParOldGen       total 175104K, used 7997K [0x00000000e0000000, 0x00000000eab00000, 0x00000000f5580000)
  object space 175104K, 4% used [0x00000000e0000000,0x00000000e07cf4c0,0x00000000eab00000)
 Metaspace       used 20338K, capacity 21090K, committed 21248K, reserved 1067008K
  class space    used 2989K, capacity 3205K, committed 3328K, reserved 1048576K
}
Event: 4.633 GC heap before
{Heap before GC invocations=6 (full 1):
 PSYoungGen      total 76288K, used 65536K [0x00000000f5580000, 0x00000000fea80000, 0x0000000100000000)
  eden space 65536K, 100% used [0x00000000f5580000,0x00000000f9580000,0x00000000f9580000)
  from space 10752K, 0% used [0x00000000fa000000,0x00000000fa000000,0x00000000faa80000)
  to   space 10752K, 0% used [0x00000000f9580000,0x00000000f9580000,0x00000000fa000000)
 ParOldGen       total 175104K, used 7997K [0x00000000e0000000, 0x00000000eab00000, 0x00000000f5580000)
  object space 175104K, 4% used [0x00000000e0000000,0x00000000e07cf4c0,0x00000000eab00000)
 Metaspace       used 24234K, capacity 25260K, committed 25472K, reserved 1071104K
  class space    used 3645K, capacity 3934K, committed 3968K, reserved 1048576K
Event: 4.636 GC heap after
Heap after GC invocations=6 (full 1):
 PSYoungGen      total 76288K, used 5148K [0x00000000f5580000, 0x00000000fd800000, 0x0000000100000000)
  eden space 65536K, 0% used [0x00000000f5580000,0x00000000f5580000,0x00000000f9580000)
  from space 10752K, 47% used [0x00000000f9580000,0x00000000f9a87130,0x00000000fa000000)
  to   space 12800K, 0% used [0x00000000fcb80000,0x00000000fcb80000,0x00000000fd800000)
 ParOldGen       total 175104K, used 8005K [0x00000000e0000000, 0x00000000eab00000, 0x00000000f5580000)
  object space 175104K, 4% used [0x00000000e0000000,0x00000000e07d14c0,0x00000000eab00000)
 Metaspace       used 24234K, capacity 25260K, committed 25472K, reserved 1071104K
  class space    used 3645K, capacity 3934K, committed 3968K, reserved 1048576K
}
Event: 5.310 GC heap before
{Heap before GC invocations=7 (full 1):
 PSYoungGen      total 76288K, used 70684K [0x00000000f5580000, 0x00000000fd800000, 0x0000000100000000)
  eden space 65536K, 100% used [0x00000000f5580000,0x00000000f9580000,0x00000000f9580000)
  from space 10752K, 47% used [0x00000000f9580000,0x00000000f9a87130,0x00000000fa000000)
  to   space 12800K, 0% used [0x00000000fcb80000,0x00000000fcb80000,0x00000000fd800000)
 ParOldGen       total 175104K, used 8005K [0x00000000e0000000, 0x00000000eab00000, 0x00000000f5580000)
  object space 175104K, 4% used [0x00000000e0000000,0x00000000e07d14c0,0x00000000eab00000)
 Metaspace       used 32462K, capacity 33608K, committed 33920K, reserved 1079296K
  class space    used 4596K, capacity 4907K, committed 4992K, reserved 1048576K
Event: 5.317 GC heap after
Heap after GC invocations=7 (full 1):
 PSYoungGen      total 119808K, used 9328K [0x00000000f5580000, 0x00000000fd780000, 0x0000000100000000)
  eden space 107520K, 0% used [0x00000000f5580000,0x00000000f5580000,0x00000000fbe80000)
  from space 12288K, 75% used [0x00000000fcb80000,0x00000000fd49c240,0x00000000fd780000)
  to   space 12800K, 0% used [0x00000000fbe80000,0x00000000fbe80000,0x00000000fcb00000)
 ParOldGen       total 175104K, used 8013K [0x00000000e0000000, 0x00000000eab00000, 0x00000000f5580000)
  object space 175104K, 4% used [0x00000000e0000000,0x00000000e07d34c0,0x00000000eab00000)
 Metaspace       used 32462K, capacity 33608K, committed 33920K, reserved 1079296K
  class space    used 4596K, capacity 4907K, committed 4992K, reserved 1048576K
}
Event: 5.595 GC heap before
{Heap before GC invocations=8 (full 1):
 PSYoungGen      total 119808K, used 30355K [0x00000000f5580000, 0x00000000fd780000, 0x0000000100000000)
  eden space 107520K, 19% used [0x00000000f5580000,0x00000000f6a08a80,0x00000000fbe80000)
  from space 12288K, 75% used [0x00000000fcb80000,0x00000000fd49c240,0x00000000fd780000)
  to   space 12800K, 0% used [0x00000000fbe80000,0x00000000fbe80000,0x00000000fcb00000)
 ParOldGen       total 175104K, used 8013K [0x00000000e0000000, 0x00000000eab00000, 0x00000000f5580000)
  object space 175104K, 4% used [0x00000000e0000000,0x00000000e07d34c0,0x00000000eab00000)
 Metaspace       used 34046K, capacity 35272K, committed 35416K, reserved 1079296K
  class space    used 4811K, capacity 5129K, committed 5248K, reserved 1048576K
Event: 5.606 GC heap after
Heap after GC invocations=8 (full 1):
 PSYoungGen      total 120320K, used 7670K [0x00000000f5580000, 0x00000000fd780000, 0x0000000100000000)
  eden space 107520K, 0% used [0x00000000f5580000,0x00000000f5580000,0x00000000fbe80000)
  from space 12800K, 59% used [0x00000000fbe80000,0x00000000fc5fd960,0x00000000fcb00000)
  to   space 12288K, 0% used [0x00000000fcb80000,0x00000000fcb80000,0x00000000fd780000)
 ParOldGen       total 175104K, used 8013K [0x00000000e0000000, 0x00000000eab00000, 0x00000000f5580000)
  object space 175104K, 4% used [0x00000000e0000000,0x00000000e07d34c0,0x00000000eab00000)
 Metaspace       used 34046K, capacity 35272K, committed 35416K, reserved 1079296K
  class space    used 4811K, capacity 5129K, committed 5248K, reserved 1048576K
}
Event: 5.606 GC heap before
{Heap before GC invocations=9 (full 2):
 PSYoungGen      total 120320K, used 7670K [0x00000000f5580000, 0x00000000fd780000, 0x0000000100000000)
  eden space 107520K, 0% used [0x00000000f5580000,0x00000000f5580000,0x00000000fbe80000)
  from space 12800K, 59% used [0x00000000fbe80000,0x00000000fc5fd960,0x00000000fcb00000)
  to   space 12288K, 0% used [0x00000000fcb80000,0x00000000fcb80000,0x00000000fd780000)
 ParOldGen       total 175104K, used 8013K [0x00000000e0000000, 0x00000000eab00000, 0x00000000f5580000)
  object space 175104K, 4% used [0x00000000e0000000,0x00000000e07d34c0,0x00000000eab00000)
 Metaspace       used 34046K, capacity 35272K, committed 35416K, reserved 1079296K
  class space    used 4811K, capacity 5129K, committed 5248K, reserved 1048576K
Event: 5.653 GC heap after
Heap after GC invocations=9 (full 2):
 PSYoungGen      total 120320K, used 0K [0x00000000f5580000, 0x00000000fd780000, 0x0000000100000000)
  eden space 107520K, 0% used [0x00000000f5580000,0x00000000f5580000,0x00000000fbe80000)
  from space 12800K, 0% used [0x00000000fbe80000,0x00000000fbe80000,0x00000000fcb00000)
  to   space 12288K, 0% used [0x00000000fcb80000,0x00000000fcb80000,0x00000000fd780000)
 ParOldGen       total 175104K, used 14346K [0x00000000e0000000, 0x00000000eab00000, 0x00000000f5580000)
  object space 175104K, 8% used [0x00000000e0000000,0x00000000e0e02a28,0x00000000eab00000)
 Metaspace       used 34046K, capacity 35272K, committed 35416K, reserved 1079296K
  class space    used 4811K, capacity 5129K, committed 5248K, reserved 1048576K
}

