# JRE version: Java(TM) SE Runtime Environment (8.0_211-b12) (build 1.8.0_211-b12)
# Java VM: Java HotSpot(TM) 64-Bit Server VM (25.211-b12 mixed mode windows-amd64 compressed oops)
Heap:
 PSYoungGen      total 118784K, used 83982K [0x00000000f5580000, 0x00000000fff80000, 0x0000000100000000)
  eden space 105984K, 79% used [0x00000000f5580000,0x00000000fa783b20,0x00000000fbd00000)
  from space 12800K, 0% used [0x00000000fbd00000,0x00000000fbd00000,0x00000000fc980000)
  to   space 12288K, 0% used [0x00000000ff380000,0x00000000ff380000,0x00000000fff80000)
 ParOldGen       total 175104K, used 14526K [0x00000000e0000000, 0x00000000eab00000, 0x00000000f5580000)
  object space 175104K, 8% used [0x00000000e0000000,0x00000000e0e2fb78,0x00000000eab00000)
 Metaspace       used 38276K, capacity 39966K, committed 40152K, reserved 1083392K
  class space    used 5394K, capacity 5748K, committed 5848K, reserved 1048576K
GC Heap History (10 events):
Event: 5.978 GC heap before
{Heap before GC invocations=5 (full 1):
 PSYoungGen      total 76288K, used 8393K [0x00000000f5580000, 0x00000000fea80000, 0x0000000100000000)
  eden space 65536K, 0% used [0x00000000f5580000,0x00000000f5580000,0x00000000f9580000)
  from space 10752K, 78% used [0x00000000fa000000,0x00000000fa832638,0x00000000faa80000)
  to   space 10752K, 0% used [0x00000000f9580000,0x00000000f9580000,0x00000000fa000000)
 ParOldGen       total 175104K, used 266K [0x00000000e0000000, 0x00000000eab00000, 0x00000000f5580000)
  object space 175104K, 0% used [0x00000000e0000000,0x00000000e0042a20,0x00000000eab00000)
 Metaspace       used 20327K, capacity 21120K, committed 21248K, reserved 1067008K
  class space    used 3010K, capacity 3204K, committed 3328K, reserved 1048576K
Event: 6.019 GC heap after
Heap after GC invocations=5 (full 1):
 PSYoungGen      total 76288K, used 0K [0x00000000f5580000, 0x00000000fea80000, 0x0000000100000000)
  eden space 65536K, 0% used [0x00000000f5580000,0x00000000f5580000,0x00000000f9580000)
  from space 10752K, 0% used [0x00000000fa000000,0x00000000fa000000,0x00000000faa80000)
  to   space 10752K, 0% used [0x00000000f9580000,0x00000000f9580000,0x00000000fa000000)
 ParOldGen       total 175104K, used 8120K [0x00000000e0000000, 0x00000000eab00000, 0x00000000f5580000)
  object space 175104K, 4% used [0x00000000e0000000,0x00000000e07ee108,0x00000000eab00000)
 Metaspace       used 20327K, capacity 21120K, committed 21248K, reserved 1067008K
  class space    used 3010K, capacity 3204K, committed 3328K, reserved 1048576K
}
Event: 6.763 GC heap before
{Heap before GC invocations=6 (full 1):
 PSYoungGen      total 76288K, used 65536K [0x00000000f5580000, 0x00000000fea80000, 0x0000000100000000)
  eden space 65536K, 100% used [0x00000000f5580000,0x00000000f9580000,0x00000000f9580000)
  from space 10752K, 0% used [0x00000000fa000000,0x00000000fa000000,0x00000000faa80000)
  to   space 10752K, 0% used [0x00000000f9580000,0x00000000f9580000,0x00000000fa000000)
 ParOldGen       total 175104K, used 8120K [0x00000000e0000000, 0x00000000eab00000, 0x00000000f5580000)
  object space 175104K, 4% used [0x00000000e0000000,0x00000000e07ee108,0x00000000eab00000)
 Metaspace       used 24353K, capacity 25458K, committed 25728K, reserved 1071104K
  class space    used 3677K, capacity 3951K, committed 3968K, reserved 1048576K
Event: 6.767 GC heap after
Heap after GC invocations=6 (full 1):
 PSYoungGen      total 76288K, used 5482K [0x00000000f5580000, 0x00000000fd580000, 0x0000000100000000)
  eden space 65536K, 0% used [0x00000000f5580000,0x00000000f5580000,0x00000000f9580000)
  from space 10752K, 50% used [0x00000000f9580000,0x00000000f9adaba8,0x00000000fa000000)
  to   space 12288K, 0% used [0x00000000fc980000,0x00000000fc980000,0x00000000fd580000)
 ParOldGen       total 175104K, used 8128K [0x00000000e0000000, 0x00000000eab00000, 0x00000000f5580000)
  object space 175104K, 4% used [0x00000000e0000000,0x00000000e07f0108,0x00000000eab00000)
 Metaspace       used 24353K, capacity 25458K, committed 25728K, reserved 1071104K
  class space    used 3677K, capacity 3951K, committed 3968K, reserved 1048576K
}
Event: 7.384 GC heap before
{Heap before GC invocations=7 (full 1):
 PSYoungGen      total 76288K, used 71018K [0x00000000f5580000, 0x00000000fd580000, 0x0000000100000000)
  eden space 65536K, 100% used [0x00000000f5580000,0x00000000f9580000,0x00000000f9580000)
  from space 10752K, 50% used [0x00000000f9580000,0x00000000f9adaba8,0x00000000fa000000)
  to   space 12288K, 0% used [0x00000000fc980000,0x00000000fc980000,0x00000000fd580000)
 ParOldGen       total 175104K, used 8128K [0x00000000e0000000, 0x00000000eab00000, 0x00000000f5580000)
  object space 175104K, 4% used [0x00000000e0000000,0x00000000e07f0108,0x00000000eab00000)
 Metaspace       used 32843K, capacity 34102K, committed 34432K, reserved 1079296K
  class space    used 4654K, capacity 4976K, committed 4992K, reserved 1048576K
Event: 7.392 GC heap after
Heap after GC invocations=7 (full 1):
 PSYoungGen      total 118272K, used 9994K [0x00000000f5580000, 0x00000000fd700000, 0x0000000100000000)
  eden space 105984K, 0% used [0x00000000f5580000,0x00000000f5580000,0x00000000fbd00000)
  from space 12288K, 81% used [0x00000000fc980000,0x00000000fd342aa0,0x00000000fd580000)
  to   space 12800K, 0% used [0x00000000fbd00000,0x00000000fbd00000,0x00000000fc980000)
 ParOldGen       total 175104K, used 8136K [0x00000000e0000000, 0x00000000eab00000, 0x00000000f5580000)
  object space 175104K, 4% used [0x00000000e0000000,0x00000000e07f2108,0x00000000eab00000)
 Metaspace       used 32843K, capacity 34102K, committed 34432K, reserved 1079296K
  class space    used 4654K, capacity 4976K, committed 4992K, reserved 1048576K
}
Event: 7.729 GC heap before
{Heap before GC invocations=8 (full 1):
 PSYoungGen      total 118272K, used 38960K [0x00000000f5580000, 0x00000000fd700000, 0x0000000100000000)
  eden space 105984K, 27% used [0x00000000f5580000,0x00000000f71c9608,0x00000000fbd00000)
  from space 12288K, 81% used [0x00000000fc980000,0x00000000fd342aa0,0x00000000fd580000)
  to   space 12800K, 0% used [0x00000000fbd00000,0x00000000fbd00000,0x00000000fc980000)
 ParOldGen       total 175104K, used 8136K [0x00000000e0000000, 0x00000000eab00000, 0x00000000f5580000)
  object space 175104K, 4% used [0x00000000e0000000,0x00000000e07f2108,0x00000000eab00000)
 Metaspace       used 33901K, capacity 35372K, committed 35416K, reserved 1079296K
  class space    used 4819K, capacity 5164K, committed 5208K, reserved 1048576K
Event: 7.736 GC heap after
Heap after GC invocations=8 (full 1):
 PSYoungGen      total 118784K, used 7771K [0x00000000f5580000, 0x00000000fff80000, 0x0000000100000000)
  eden space 105984K, 0% used [0x00000000f5580000,0x00000000f5580000,0x00000000fbd00000)
  from space 12800K, 60% used [0x00000000fbd00000,0x00000000fc496d28,0x00000000fc980000)
  to   space 12288K, 0% used [0x00000000ff380000,0x00000000ff380000,0x00000000fff80000)
 ParOldGen       total 175104K, used 8144K [0x00000000e0000000, 0x00000000eab00000, 0x00000000f5580000)
  object space 175104K, 4% used [0x00000000e0000000,0x00000000e07f4108,0x00000000eab00000)
 Metaspace       used 33901K, capacity 35372K, committed 35416K, reserved 1079296K
  class space    used 4819K, capacity 5164K, committed 5208K, reserved 1048576K
}
Event: 7.736 GC heap before
{Heap before GC invocations=9 (full 2):
 PSYoungGen      total 118784K, used 7771K [0x00000000f5580000, 0x00000000fff80000, 0x0000000100000000)
  eden space 105984K, 0% used [0x00000000f5580000,0x00000000f5580000,0x00000000fbd00000)
  from space 12800K, 60% used [0x00000000fbd00000,0x00000000fc496d28,0x00000000fc980000)
  to   space 12288K, 0% used [0x00000000ff380000,0x00000000ff380000,0x00000000fff80000)
 ParOldGen       total 175104K, used 8144K [0x00000000e0000000, 0x00000000eab00000, 0x00000000f5580000)
  object space 175104K, 4% used [0x00000000e0000000,0x00000000e07f4108,0x00000000eab00000)
 Metaspace       used 33901K, capacity 35372K, committed 35416K, reserved 1079296K
  class space    used 4819K, capacity 5164K, committed 5208K, reserved 1048576K
Event: 7.779 GC heap after
Heap after GC invocations=9 (full 2):
 PSYoungGen      total 118784K, used 0K [0x00000000f5580000, 0x00000000fff80000, 0x0000000100000000)
  eden space 105984K, 0% used [0x00000000f5580000,0x00000000f5580000,0x00000000fbd00000)
  from space 12800K, 0% used [0x00000000fbd00000,0x00000000fbd00000,0x00000000fc980000)
  to   space 12288K, 0% used [0x00000000ff380000,0x00000000ff380000,0x00000000fff80000)
 ParOldGen       total 175104K, used 14526K [0x00000000e0000000, 0x00000000eab00000, 0x00000000f5580000)
  object space 175104K, 8% used [0x00000000e0000000,0x00000000e0e2fb78,0x00000000eab00000)
 Metaspace       used 33901K, capacity 35372K, committed 35416K, reserved 1079296K
  class space    used 4819K, capacity 5164K, committed 5208K, reserved 1048576K
}

