# JRE version: Java(TM) SE Runtime Environment (8.0_211-b12) (build 1.8.0_211-b12)
# Java VM: Java HotSpot(TM) 64-Bit Server VM (25.211-b12 mixed mode windows-amd64 compressed oops)
Heap:
 PSYoungGen      total 76288K, used 64508K [0x00000000f5580000, 0x00000000faa80000, 0x0000000100000000)
  eden space 65536K, 90% used [0x00000000f5580000,0x00000000f8f4dab8,0x00000000f9580000)
  from space 10752K, 49% used [0x00000000f9580000,0x00000000f9ab16d8,0x00000000fa000000)
  to   space 10752K, 0% used [0x00000000fa000000,0x00000000fa000000,0x00000000faa80000)
 ParOldGen       total 175104K, used 8002K [0x00000000e0000000, 0x00000000eab00000, 0x00000000f5580000)
  object space 175104K, 4% used [0x00000000e0000000,0x00000000e07d0a00,0x00000000eab00000)
 Metaspace       used 32084K, capacity 33172K, committed 33280K, reserved 1077248K
  class space    used 4543K, capacity 4823K, committed 4864K, reserved 1048576K
GC Heap History (10 events):
Event: 3.287 GC heap before
{Heap before GC invocations=2 (full 0):
 PSYoungGen      total 76288K, used 71401K [0x00000000f5580000, 0x00000000faa80000, 0x0000000100000000)
  eden space 65536K, 100% used [0x00000000f5580000,0x00000000f9580000,0x00000000f9580000)
  from space 10752K, 54% used [0x00000000f9580000,0x00000000f9b3a5e0,0x00000000fa000000)
  to   space 10752K, 0% used [0x00000000fa000000,0x00000000fa000000,0x00000000faa80000)
 ParOldGen       total 175104K, used 16K [0x00000000e0000000, 0x00000000eab00000, 0x00000000f5580000)
  object space 175104K, 0% used [0x00000000e0000000,0x00000000e0004000,0x00000000eab00000)
 Metaspace       used 14192K, capacity 14622K, committed 14720K, reserved 1062912K
  class space    used 2011K, capacity 2121K, committed 2176K, reserved 1048576K
Event: 3.294 GC heap after
Heap after GC invocations=2 (full 0):
 PSYoungGen      total 76288K, used 9290K [0x00000000f5580000, 0x00000000faa80000, 0x0000000100000000)
  eden space 65536K, 0% used [0x00000000f5580000,0x00000000f5580000,0x00000000f9580000)
  from space 10752K, 86% used [0x00000000fa000000,0x00000000fa912bb8,0x00000000faa80000)
  to   space 10752K, 0% used [0x00000000f9580000,0x00000000f9580000,0x00000000fa000000)
 ParOldGen       total 175104K, used 24K [0x00000000e0000000, 0x00000000eab00000, 0x00000000f5580000)
  object space 175104K, 0% used [0x00000000e0000000,0x00000000e0006000,0x00000000eab00000)
 Metaspace       used 14192K, capacity 14622K, committed 14720K, reserved 1062912K
  class space    used 2011K, capacity 2121K, committed 2176K, reserved 1048576K
}
Event: 3.955 GC heap before
{Heap before GC invocations=3 (full 0):
 PSYoungGen      total 76288K, used 74826K [0x00000000f5580000, 0x00000000faa80000, 0x0000000100000000)
  eden space 65536K, 100% used [0x00000000f5580000,0x00000000f9580000,0x00000000f9580000)
  from space 10752K, 86% used [0x00000000fa000000,0x00000000fa912bb8,0x00000000faa80000)
  to   space 10752K, 0% used [0x00000000f9580000,0x00000000f9580000,0x00000000fa000000)
 ParOldGen       total 175104K, used 24K [0x00000000e0000000, 0x00000000eab00000, 0x00000000f5580000)
  object space 175104K, 0% used [0x00000000e0000000,0x00000000e0006000,0x00000000eab00000)
 Metaspace       used 19169K, capacity 19848K, committed 19968K, reserved 1067008K
  class space    used 2795K, capacity 2994K, committed 3072K, reserved 1048576K
Event: 3.966 GC heap after
Heap after GC invocations=3 (full 0):
 PSYoungGen      total 76288K, used 10746K [0x00000000f5580000, 0x00000000faa80000, 0x0000000100000000)
  eden space 65536K, 0% used [0x00000000f5580000,0x00000000f5580000,0x00000000f9580000)
  from space 10752K, 99% used [0x00000000f9580000,0x00000000f9ffeb80,0x00000000fa000000)
  to   space 10752K, 0% used [0x00000000fa000000,0x00000000fa000000,0x00000000faa80000)
 ParOldGen       total 175104K, used 756K [0x00000000e0000000, 0x00000000eab00000, 0x00000000f5580000)
  object space 175104K, 0% used [0x00000000e0000000,0x00000000e00bd138,0x00000000eab00000)
 Metaspace       used 19169K, capacity 19848K, committed 19968K, reserved 1067008K
  class space    used 2795K, capacity 2994K, committed 3072K, reserved 1048576K
}
Event: 4.374 GC heap before
{Heap before GC invocations=4 (full 0):
 PSYoungGen      total 76288K, used 26325K [0x00000000f5580000, 0x00000000faa80000, 0x0000000100000000)
  eden space 65536K, 23% used [0x00000000f5580000,0x00000000f64b6b00,0x00000000f9580000)
  from space 10752K, 99% used [0x00000000f9580000,0x00000000f9ffeb80,0x00000000fa000000)
  to   space 10752K, 0% used [0x00000000fa000000,0x00000000fa000000,0x00000000faa80000)
 ParOldGen       total 175104K, used 756K [0x00000000e0000000, 0x00000000eab00000, 0x00000000f5580000)
  object space 175104K, 0% used [0x00000000e0000000,0x00000000e00bd138,0x00000000eab00000)
 Metaspace       used 20324K, capacity 21090K, committed 21248K, reserved 1067008K
  class space    used 2989K, capacity 3205K, committed 3328K, reserved 1048576K
Event: 4.380 GC heap after
Heap after GC invocations=4 (full 0):
 PSYoungGen      total 76288K, used 8249K [0x00000000f5580000, 0x00000000faa80000, 0x0000000100000000)
  eden space 65536K, 0% used [0x00000000f5580000,0x00000000f5580000,0x00000000f9580000)
  from space 10752K, 76% used [0x00000000fa000000,0x00000000fa80e5d0,0x00000000faa80000)
  to   space 10752K, 0% used [0x00000000f9580000,0x00000000f9580000,0x00000000fa000000)
 ParOldGen       total 175104K, used 764K [0x00000000e0000000, 0x00000000eab00000, 0x00000000f5580000)
  object space 175104K, 0% used [0x00000000e0000000,0x00000000e00bf138,0x00000000eab00000)
 Metaspace       used 20324K, capacity 21090K, committed 21248K, reserved 1067008K
  class space    used 2989K, capacity 3205K, committed 3328K, reserved 1048576K
}
Event: 4.380 GC heap before
{Heap before GC invocations=5 (full 1):
 PSYoungGen      total 76288K, used 8249K [0x00000000f5580000, 0x00000000faa80000, 0x0000000100000000)
  eden space 65536K, 0% used [0x00000000f5580000,0x00000000f5580000,0x00000000f9580000)
  from space 10752K, 76% used [0x00000000fa000000,0x00000000fa80e5d0,0x00000000faa80000)
  to   space 10752K, 0% used [0x00000000f9580000,0x00000000f9580000,0x00000000fa000000)
 ParOldGen       total 175104K, used 764K [0x00000000e0000000, 0x00000000eab00000, 0x00000000f5580000)
  object space 175104K, 0% used [0x00000000e0000000,0x00000000e00bf138,0x00000000eab00000)
 Metaspace       used 20324K, capacity 21090K, committed 21248K, reserved 1067008K
  class space    used 2989K, capacity 3205K, committed 3328K, reserved 1048576K
Event: 4.410 GC heap after
Heap after GC invocations=5 (full 1):
 PSYoungGen      total 76288K, used 0K [0x00000000f5580000, 0x00000000faa80000, 0x0000000100000000)
  eden space 65536K, 0% used [0x00000000f5580000,0x00000000f5580000,0x00000000f9580000)
  from space 10752K, 0% used [0x00000000fa000000,0x00000000fa000000,0x00000000faa80000)
  to   space 10752K, 0% used [0x00000000f9580000,0x00000000f9580000,0x00000000fa000000)
 ParOldGen       total 175104K, used 7994K [0x00000000e0000000, 0x00000000eab00000, 0x00000000f5580000)
  object space 175104K, 4% used [0x00000000e0000000,0x00000000e07cea00,0x00000000eab00000)
 Metaspace       used 20324K, capacity 21090K, committed 21248K, reserved 1067008K
  class space    used 2989K, capacity 3205K, committed 3328K, reserved 1048576K
}
Event: 4.928 GC heap before
{Heap before GC invocations=6 (full 1):
 PSYoungGen      total 76288K, used 65536K [0x00000000f5580000, 0x00000000faa80000, 0x0000000100000000)
  eden space 65536K, 100% used [0x00000000f5580000,0x00000000f9580000,0x00000000f9580000)
  from space 10752K, 0% used [0x00000000fa000000,0x00000000fa000000,0x00000000faa80000)
  to   space 10752K, 0% used [0x00000000f9580000,0x00000000f9580000,0x00000000fa000000)
 ParOldGen       total 175104K, used 7994K [0x00000000e0000000, 0x00000000eab00000, 0x00000000f5580000)
  object space 175104K, 4% used [0x00000000e0000000,0x00000000e07cea00,0x00000000eab00000)
 Metaspace       used 24462K, capacity 25432K, committed 25600K, reserved 1071104K
  class space    used 3673K, capacity 3970K, committed 4096K, reserved 1048576K
Event: 4.931 GC heap after
Heap after GC invocations=6 (full 1):
 PSYoungGen      total 76288K, used 5317K [0x00000000f5580000, 0x00000000faa80000, 0x0000000100000000)
  eden space 65536K, 0% used [0x00000000f5580000,0x00000000f5580000,0x00000000f9580000)
  from space 10752K, 49% used [0x00000000f9580000,0x00000000f9ab16d8,0x00000000fa000000)
  to   space 10752K, 0% used [0x00000000fa000000,0x00000000fa000000,0x00000000faa80000)
 ParOldGen       total 175104K, used 8002K [0x00000000e0000000, 0x00000000eab00000, 0x00000000f5580000)
  object space 175104K, 4% used [0x00000000e0000000,0x00000000e07d0a00,0x00000000eab00000)
 Metaspace       used 24462K, capacity 25432K, committed 25600K, reserved 1071104K
  class space    used 3673K, capacity 3970K, committed 4096K, reserved 1048576K
}

